<?xml version="1.0" encoding="utf-8"?><testsuites><testsuite name="pytest" errors="0" failures="0" skipped="0" tests="103" time="0.378" timestamp="2021-01-19T02:03:53.313840" hostname="serbansenciuc"><testcase classname="tests.test_cli_output" name="test_cli_output[debug-\x1b[0;36m]" time="0.054" /><testcase classname="tests.test_cli_output" name="test_cli_output[info-\x1b[94m]" time="0.002" /><testcase classname="tests.test_cli_output" name="test_cli_output[success-\x1b[92m]" time="0.002" /><testcase classname="tests.test_cli_output" name="test_cli_output[warning-\x1b[93m]" time="0.002" /><testcase classname="tests.test_cli_output" name="test_cli_output[error-\x1b[91m]" time="0.002" /><testcase classname="tests.test_cli_output" name="test_cli_output[fail-\x1b[91m]" time="0.002" /><testcase classname="tests.decorators.test_benchmark" name="test_timeit_on_sync_method_ok" time="0.001" /><testcase classname="tests.decorators.test_benchmark" name="test_timeit_on_sync_method_from_a_class_ok" time="0.001" /><testcase classname="tests.decorators.test_benchmark" name="test_timeit_on_sync_method_with_custom_name" time="0.001" /><testcase classname="tests.decorators.test_benchmark" name="test_timeit_on_sync_method_raise_an_exception" time="0.001" /><testcase classname="tests.decorators.test_benchmark" name="test_timeit_on_async_method_ok" time="0.002" /><testcase classname="tests.decorators.test_benchmark" name="test_timeit_on_async_method_from_a_class_ok" time="0.001" /><testcase classname="tests.decorators.test_benchmark" name="test_timeit_on_async_method_with_custom_name" time="0.001" /><testcase classname="tests.decorators.test_benchmark" name="test_timeit_on_async_method_raise_an_exception" time="0.001" /><testcase classname="tests.environmnt.test_bool" name="test_required_ok" time="0.001" /><testcase classname="tests.environmnt.test_bool" name="test_raise_environment_variable_not_found" time="0.001" /><testcase classname="tests.environmnt.test_bool" name="test_without_value" time="0.001" /><testcase classname="tests.environmnt.test_bool" name="test_wrong_type_value" time="0.001" /><testcase classname="tests.environmnt.test_bool" name="test_not_required_ok" time="0.001" /><testcase classname="tests.environmnt.test_int" name="test_required_ok" time="0.001" /><testcase classname="tests.environmnt.test_int" name="test_raise_environment_variable_not_found" time="0.001" /><testcase classname="tests.environmnt.test_int" name="test_without_value" time="0.001" /><testcase classname="tests.environmnt.test_int" name="test_wrong_type_value" time="0.001" /><testcase classname="tests.environmnt.test_int" name="test_not_required_ok" time="0.001" /><testcase classname="tests.environmnt.test_iterable" name="test_required_ok" time="0.001" /><testcase classname="tests.environmnt.test_iterable" name="test_raise_environment_variable_not_found" time="0.001" /><testcase classname="tests.environmnt.test_iterable" name="test_without_value" time="0.001" /><testcase classname="tests.environmnt.test_iterable" name="test_not_required_ok" time="0.001" /><testcase classname="tests.environmnt.test_srt" name="test_required_ok" time="0.001" /><testcase classname="tests.environmnt.test_srt" name="test_raise_environment_variable_not_found" time="0.001" /><testcase classname="tests.environmnt.test_srt" name="test_without_value" time="0.001" /><testcase classname="tests.environmnt.test_srt" name="test_not_required_ok" time="0.001" /><testcase classname="tests.normalization.test_boolean" name="test_str_2_bool[yes-True]" time="0.001" /><testcase classname="tests.normalization.test_boolean" name="test_str_2_bool[true-True]" time="0.001" /><testcase classname="tests.normalization.test_boolean" name="test_str_2_bool[t-True]" time="0.001" /><testcase classname="tests.normalization.test_boolean" name="test_str_2_bool[y-True]" time="0.001" /><testcase classname="tests.normalization.test_boolean" name="test_str_2_bool[1-True]" time="0.001" /><testcase classname="tests.normalization.test_boolean" name="test_str_2_bool[no-False]" time="0.001" /><testcase classname="tests.normalization.test_boolean" name="test_str_2_bool[false-False]" time="0.001" /><testcase classname="tests.normalization.test_boolean" name="test_str_2_bool[f-False]" time="0.001" /><testcase classname="tests.normalization.test_boolean" name="test_str_2_bool[n-False]" time="0.001" /><testcase classname="tests.normalization.test_boolean" name="test_str_2_bool[0-False]" time="0.001" /><testcase classname="tests.normalization.test_boolean" name="test_str_2_bool[invalid-None]" time="0.001" /><testcase classname="tests.normalization.test_boolean" name="test_str_2_bool[-None]" time="0.001" /><testcase classname="tests.normalization.test_boolean" name="test_is_dunder[__init__-True]" time="0.001" /><testcase classname="tests.normalization.test_boolean" name="test_is_dunder[__something__-True]" time="0.001" /><testcase classname="tests.normalization.test_boolean" name="test_is_dunder[__something-False]" time="0.001" /><testcase classname="tests.normalization.test_boolean" name="test_is_dunder[_something_-False]" time="0.001" /><testcase classname="tests.normalization.test_boolean" name="test_is_dunder[_something__-False]" time="0.001" /><testcase classname="tests.normalization.test_boolean" name="test_is_dunder[__something_-False]" time="0.001" /><testcase classname="tests.normalization.test_boolean" name="test_is_dunder[____-False]" time="0.001" /><testcase classname="tests.normalization.test_boolean" name="test_is_dunder[__-False]" time="0.001" /><testcase classname="tests.normalization.test_boolean" name="test_is_email[hello@world.com-True]" time="0.005" /><testcase classname="tests.normalization.test_boolean" name="test_is_email[hello@world.co.uk-True]" time="0.001" /><testcase classname="tests.normalization.test_boolean" name="test_is_email[hello.world@example.com-True]" time="0.001" /><testcase classname="tests.normalization.test_boolean" name="test_is_email[hello-world@example.com-True]" time="0.001" /><testcase classname="tests.normalization.test_boolean" name="test_is_email[hello_world@example.com-True]" time="0.001" /><testcase classname="tests.normalization.test_boolean" name="test_is_email[hello_world.example.com-False]" time="0.001" /><testcase classname="tests.normalization.test_boolean" name="test_is_email[.hello@world.com-False]" time="0.001" /><testcase classname="tests.normalization.test_boolean" name="test_is_email[email-False]" time="0.001" /><testcase classname="tests.normalization.test_boolean" name="test_is_email[my_email-False]" time="0.001" /><testcase classname="tests.normalization.test_boolean" name="test_is_email[hello@world.-False]" time="0.001" /><testcase classname="tests.normalization.test_boolean" name="test_is_email[hello@world.&amp;-False]" time="0.001" /><testcase classname="tests.normalization.test_boolean" name="test_is_email[hello@world-False]" time="0.001" /><testcase classname="tests.normalization.test_boolean" name="test_is_email[hello@127.0.0.1-False]" time="0.001" /><testcase classname="tests.normalization.test_boolean" name="test_is_email[hello@127.0.0.1:80-False]" time="0.001" /><testcase classname="tests.normalization.test_boolean" name="test_is_email[-False]" time="0.001" /><testcase classname="tests.normalization.test_datetime" name="test_date_2_datetime_ok" time="0.001" /><testcase classname="tests.normalization.test_datetime" name="test_str_2_datetime_ok" time="0.004" /><testcase classname="tests.normalization.test_datetime" name="test_str_2_datetime_naive_ok" time="0.001" /><testcase classname="tests.normalization.test_datetime" name="test_str_2_datetime_invalid" time="0.001" /><testcase classname="tests.normalization.test_datetime" name="test_str_2_datetime_wrong_type" time="0.001" /><testcase classname="tests.normalization.test_integer" name="test_parse_int[1-1]" time="0.001" /><testcase classname="tests.normalization.test_integer" name="test_parse_int[53-53]" time="0.001" /><testcase classname="tests.normalization.test_integer" name="test_parse_int[134.61-134]" time="0.001" /><testcase classname="tests.normalization.test_integer" name="test_parse_int[string-None]" time="0.001" /><testcase classname="tests.normalization.test_integer" name="test_parse_int[value4-None]" time="0.001" /><testcase classname="tests.normalization.test_integer" name="test_parse_int[value5-None]" time="0.001" /><testcase classname="tests.normalization.test_integer" name="test_age_from" time="0.001" /><testcase classname="tests.normalization.test_iterable" name="test_grouper_ok" time="0.001" /><testcase classname="tests.normalization.test_iterable" name="test_grouper_with_empty_list" time="0.001" /><testcase classname="tests.normalization.test_string" name="test_snake_to_camel_with_upper_true[-]" time="0.001" /><testcase classname="tests.normalization.test_string" name="test_snake_to_camel_with_upper_true[snake_case-SnakeCase]" time="0.001" /><testcase classname="tests.normalization.test_string" name="test_snake_to_camel_with_upper_true[CamelCase-CamelCase]" time="0.001" /><testcase classname="tests.normalization.test_string" name="test_snake_to_camel_with_upper_true[camelCase-CamelCase]" time="0.001" /><testcase classname="tests.normalization.test_string" name="test_snake_to_camel_with_upper_true[_snake_case-SnakeCase]" time="0.001" /><testcase classname="tests.normalization.test_string" name="test_snake_to_camel_with_upper_true[snake__case-Snake_Case]" time="0.001" /><testcase classname="tests.normalization.test_string" name="test_snake_to_camel_with_upper_true[snake_case__-SnakeCase__]" time="0.001" /><testcase classname="tests.normalization.test_string" name="test_snake_to_camel_with_upper_true[this_is_a_snake_case_string-ThisIsASnakeCaseString]" time="0.001" /><testcase classname="tests.normalization.test_string" name="test_snake_to_camel_with_upper_false[-]" time="0.001" /><testcase classname="tests.normalization.test_string" name="test_snake_to_camel_with_upper_false[snake_case-snakeCase]" time="0.001" /><testcase classname="tests.normalization.test_string" name="test_snake_to_camel_with_upper_false[camelCase-camelCase]" time="0.001" /><testcase classname="tests.normalization.test_string" name="test_snake_to_camel_with_upper_false[CamelCase-CamelCase]" time="0.001" /><testcase classname="tests.normalization.test_string" name="test_snake_to_camel_with_upper_false[_snake_case-SnakeCase]" time="0.001" /><testcase classname="tests.normalization.test_string" name="test_snake_to_camel_with_upper_false[snake__case-snake_Case]" time="0.001" /><testcase classname="tests.normalization.test_string" name="test_snake_to_camel_with_upper_false[this_is_a_snake_case_string-thisIsASnakeCaseString]" time="0.001" /><testcase classname="tests.normalization.test_string" name="test_camel_to_snake[-]" time="0.001" /><testcase classname="tests.normalization.test_string" name="test_camel_to_snake[CamelCase-camel_case]" time="0.001" /><testcase classname="tests.normalization.test_string" name="test_camel_to_snake[camelCase-camel_case]" time="0.001" /><testcase classname="tests.normalization.test_string" name="test_camel_to_snake[snake_case-snake_case]" time="0.001" /><testcase classname="tests.normalization.test_string" name="test_camel_to_snake[camel-camel]" time="0.001" /><testcase classname="tests.normalization.test_string" name="test_camel_to_snake[Camel-camel]" time="0.001" /><testcase classname="tests.normalization.test_string" name="test_camel_to_snake[CAMEL-came_l]" time="0.004" /></testsuite></testsuites>